This is pdfTeX, Version 3.14159265-2.6-1.40.21 (MiKTeX 2.9.7380 64-bit) (preloaded format=pdflatex 2020.3.30)  21 APR 2020 19:53
entering extended mode
**"c:/Users/Ricardo/Desktop/clases web/node/latex/informe_02.tex"
("c:/Users/Ricardo/Desktop/clases web/node/latex/informe_02.tex"
LaTeX2e <2020-02-02> patch level 5
L3 programming layer <2020-03-06> ("C:\Users\Ricardo\AppData\Local\Programs\MiKTeX 2.9\tex/latex/base\report.cls"
Document Class: report 2019/12/20 v1.4l Standard LaTeX document class
("C:\Users\Ricardo\AppData\Local\Programs\MiKTeX 2.9\tex/latex/base\size10.clo"
File: size10.clo 2019/12/20 v1.4l Standard LaTeX file (size option)
)
\c@part=\count167
\c@chapter=\count168
\c@section=\count169
\c@subsection=\count170
\c@subsubsection=\count171
\c@paragraph=\count172
\c@subparagraph=\count173
\c@figure=\count174
\c@table=\count175
\abovecaptionskip=\skip47
\belowcaptionskip=\skip48
\bibindent=\dimen134
) ("C:\Users\Ricardo\AppData\Local\Programs\MiKTeX 2.9\tex/latex/graphics\graphicx.sty"
Package: graphicx 2019/11/30 v1.2a Enhanced LaTeX Graphics (DPC,SPQR)
 ("C:\Users\Ricardo\AppData\Local\Programs\MiKTeX 2.9\tex/latex/graphics\keyval.sty"
Package: keyval 2014/10/28 v1.15 key=value parser (DPC)
\KV@toks@=\toks15
) ("C:\Users\Ricardo\AppData\Local\Programs\MiKTeX 2.9\tex/latex/graphics\graphics.sty"
Package: graphics 2019/11/30 v1.4a Standard LaTeX Graphics (DPC,SPQR)
 ("C:\Users\Ricardo\AppData\Local\Programs\MiKTeX 2.9\tex/latex/graphics\trig.sty"
Package: trig 2016/01/03 v1.10 sin cos tan (DPC)
) ("C:\Users\Ricardo\AppData\Local\Programs\MiKTeX 2.9\tex/latex/graphics-cfg\graphics.cfg"
File: graphics.cfg 2016/06/04 v1.11 sample graphics configuration
)
Package graphics Info: Driver file: pdftex.def on input line 105.
 ("C:\Users\Ricardo\AppData\Local\Programs\MiKTeX 2.9\tex/latex/graphics-def\pdftex.def"
File: pdftex.def 2018/01/08 v1.0l Graphics/color driver for pdftex
))
\Gin@req@height=\dimen135
\Gin@req@width=\dimen136
) ("C:\Users\Ricardo\AppData\Local\Programs\MiKTeX 2.9\tex/latex/base\inputenc.sty"
Package: inputenc 2018/08/11 v1.3c Input encoding file
\inpenc@prehook=\toks16
\inpenc@posthook=\toks17
) ("C:\Users\Ricardo\AppData\Local\Programs\MiKTeX 2.9\tex/latex/graphics\color.sty"
Package: color 2019/11/23 v1.2a Standard LaTeX Color (DPC)
 ("C:\Users\Ricardo\AppData\Local\Programs\MiKTeX 2.9\tex/latex/graphics-cfg\color.cfg"
File: color.cfg 2016/01/02 v1.6 sample color configuration
)
Package color Info: Driver file: pdftex.def on input line 147.
) ("C:\Users\Ricardo\AppData\Local\Programs\MiKTeX 2.9\tex/latex/upquote\upquote.sty"
Package: upquote 2012/04/19 v1.3 upright-quote and grave-accent glyphs in verbatim
) ("C:\Users\Ricardo\AppData\Local\Programs\MiKTeX 2.9\tex/latex/listings\listings.sty"
\lst@mode=\count176
\lst@gtempboxa=\box45
\lst@token=\toks18
\lst@length=\count177
\lst@currlwidth=\dimen137
\lst@column=\count178
\lst@pos=\count179
\lst@lostspace=\dimen138
\lst@width=\dimen139
\lst@newlines=\count180
\lst@lineno=\count181
\lst@maxwidth=\dimen140
 ("C:\Users\Ricardo\AppData\Local\Programs\MiKTeX 2.9\tex/latex/listings\lstmisc.sty"
File: lstmisc.sty 2020/03/24 1.8d (Carsten Heinz)
\c@lstnumber=\count182
\lst@skipnumbers=\count183
\lst@framebox=\box46
) ("C:\Users\Ricardo\AppData\Local\Programs\MiKTeX 2.9\tex/latex/listings\listings.cfg"
File: listings.cfg 2020/03/24 1.8d listings configuration
))
Package: listings 2020/03/24 1.8d (Carsten Heinz)
 ("C:\Users\Ricardo\AppData\Local\Programs\MiKTeX 2.9\tex/latex/l3backend\l3backend-pdfmode.def"
File: l3backend-pdfmode.def 2020-03-12 L3 backend support: PDF mode
\l__kernel_color_stack_int=\count184
\l__pdf_internal_box=\box47
) ("c:\Users\Ricardo\Desktop\clases web\node\latex\build\informe_02.aux")
\openout1 = `informe_02.aux'.

LaTeX Font Info:    Checking defaults for OML/cmm/m/it on input line 158.
LaTeX Font Info:    ... okay on input line 158.
LaTeX Font Info:    Checking defaults for OMS/cmsy/m/n on input line 158.
LaTeX Font Info:    ... okay on input line 158.
LaTeX Font Info:    Checking defaults for OT1/cmr/m/n on input line 158.
LaTeX Font Info:    ... okay on input line 158.
LaTeX Font Info:    Checking defaults for T1/cmr/m/n on input line 158.
LaTeX Font Info:    ... okay on input line 158.
LaTeX Font Info:    Checking defaults for TS1/cmr/m/n on input line 158.
LaTeX Font Info:    ... okay on input line 158.
LaTeX Font Info:    Checking defaults for OMX/cmex/m/n on input line 158.
LaTeX Font Info:    ... okay on input line 158.
LaTeX Font Info:    Checking defaults for U/cmr/m/n on input line 158.
LaTeX Font Info:    ... okay on input line 158.
 ("C:\Users\Ricardo\AppData\Local\Programs\MiKTeX 2.9\tex/context/base/mkii\supp-pdf.mkii"
[Loading MPS to PDF converter (version 2006.09.02).]
\scratchcounter=\count185
\scratchdimen=\dimen141
\scratchbox=\box48
\nofMPsegments=\count186
\nofMParguments=\count187
\everyMPshowfont=\toks19
\MPscratchCnt=\count188
\MPscratchDim=\dimen142
\MPnumerator=\count189
\makeMPintoPDFobject=\count190
\everyMPtoPDFconversion=\toks20
) ("C:\Users\Ricardo\AppData\Local\Programs\MiKTeX 2.9\tex/latex/epstopdf-pkg\epstopdf-base.sty"
Package: epstopdf-base 2020-01-24 v2.11 Base part for package epstopdf
Package epstopdf-base Info: Redefining graphics rule for `.eps' on input line 485.
) ("C:\Users\Ricardo\AppData\Local\Programs\MiKTeX 2.9\tex/latex/base\textcomp.sty"
Package: textcomp 2020/02/02 v2.0n Standard LaTeX package
)
\c@lstlisting=\count191
<imagenes/ups1.png, id=1, 167.87718pt x 177.66376pt>
File: imagenes/ups1.png Graphic file (type png)
<use imagenes/ups1.png>
Package pdftex.def Info: imagenes/ups1.png  used on input line 169.
(pdftex.def)             Requested size: 142.26337pt x 142.26674pt.
 [1

{C:/Users/Ricardo/AppData/Local/MiKTeX/2.9/pdftex/config/pdftex.map} <./imagenes/ups1.png>] ("c:\Users\Ricardo\Desktop\clases web\node\latex\build\informe_02.toc")
\tf@toc=\write3
\openout3 = `informe_02.toc'.

 [1

]
Chapter 1.
("C:\Users\Ricardo\AppData\Local\Programs\MiKTeX 2.9\tex/latex/listings\lstlang1.sty"
File: lstlang1.sty 2020/03/24 1.8d listings language file
) ("C:\Users\Ricardo\AppData\Local\Programs\MiKTeX 2.9\tex/latex/listings\lstmisc.sty"
File: lstmisc.sty 2020/03/24 1.8d (Carsten Heinz)
)
Underfull \hbox (badness 10000) in paragraph at lines 182--184

 []

(codigo/let-var.js
consecutive:
LaTeX Font Info:    Trying to load font information for TS1+cmtt on input line 16.
("C:\Users\Ricardo\AppData\Local\Programs\MiKTeX 2.9\tex/latex/base\ts1cmtt.fd"
File: ts1cmtt.fd 2019/12/16 v2.5j Standard LaTeX font definitions
)
LaTeX Font Info:    Font shape `OT1/cmtt/bx/n' in size <8> not available
(Font)              Font shape `OT1/cmtt/m/n' tried instead on input line 18.
)
Underfull \hbox (badness 10000) in paragraph at lines 185--186

 []

<imagenes/1.PNG, id=17, 308.65312pt x 64.74188pt>
File: imagenes/1.PNG Graphic file (type png)
<use imagenes/1.PNG>
Package pdftex.def Info: imagenes/1.PNG  used on input line 187.
(pdftex.def)             Requested size: 284.54831pt x 56.90782pt.
(codigo/let-var.js)
<imagenes/2.PNG, id=18, 304.88907pt x 50.43843pt>
File: imagenes/2.PNG Graphic file (type png)
<use imagenes/2.PNG>
Package pdftex.def Info: imagenes/2.PNG  used on input line 194.
(pdftex.def)             Requested size: 284.53947pt x 42.67967pt.
 [2

 <./imagenes/1.PNG>] (codigo/let-var.js
consecutive:
)
<imagenes/3.PNG, id=26, 309.40594pt x 103.88812pt>
File: imagenes/3.PNG Graphic file (type png)
<use imagenes/3.PNG>
Package pdftex.def Info: imagenes/3.PNG  used on input line 201.
(pdftex.def)             Requested size: 284.55305pt x 99.58879pt.
 [3 <./imagenes/2.PNG> <./imagenes/3.PNG>]
Chapter 2.
(codigo/templates.js)
LaTeX Font Info:    Trying to load font information for OMS+cmr on input line 211.
 ("C:\Users\Ricardo\AppData\Local\Programs\MiKTeX 2.9\tex/latex/base\omscmr.fd"
File: omscmr.fd 2019/12/16 v2.5j Standard LaTeX font definitions
)
LaTeX Font Info:    Font shape `OMS/cmr/bx/n' in size <10> not available
(Font)              Font shape `OMS/cmsy/b/n' tried instead on input line 211.
 (codigo/templates.js)
<imagenes/4.PNG, id=32, 307.90031pt x 49.68562pt>
File: imagenes/4.PNG Graphic file (type png)
<use imagenes/4.PNG>
Package pdftex.def Info: imagenes/4.PNG  used on input line 217.
(pdftex.def)             Requested size: 284.54962pt x 42.68027pt.
 (codigo/templates.js [4

 <./imagenes/4.PNG>])
<imagenes/5.PNG, id=39, 310.91156pt x 49.68562pt>
File: imagenes/5.PNG Graphic file (type png)
<use imagenes/5.PNG>
Package pdftex.def Info: imagenes/5.PNG  used on input line 223.
(pdftex.def)             Requested size: 284.52872pt x 42.68027pt.
 [5 <./imagenes/5.PNG>]
Chapter 3.
(codigo/destructuracion.js)
Overfull \hbox (26.49074pt too wide) in paragraph at lines 232--233
\OT1/cmr/m/n/10 tura-cion, dandole atrib-u-tos como \OT1/cmr/bx/n/10 nom-bre, apel-lido, poder, e in-cluso asignandole
 []

<imagenes/6.PNG, id=44, 307.1475pt x 48.93282pt>
File: imagenes/6.PNG Graphic file (type png)
<use imagenes/6.PNG>
Package pdftex.def Info: imagenes/6.PNG  used on input line 234.
(pdftex.def)             Requested size: 284.54753pt x 42.68169pt.
(codigo/destructuracion.js) [6

 <./imagenes/6.PNG>]
<imagenes/7.PNG, id=50, 304.88907pt x 51.94406pt>
File: imagenes/7.PNG Graphic file (type png)
<use imagenes/7.PNG>
Package pdftex.def Info: imagenes/7.PNG  used on input line 239.
(pdftex.def)             Requested size: 284.53947pt x 42.68079pt.
 [7 <./imagenes/7.PNG>]
Chapter 4.
(codigo/flecha.js
consecutive:
)
<imagenes/8.PNG, id=55, 261.22594pt x 41.4047pt>
File: imagenes/8.PNG Graphic file (type png)
<use imagenes/8.PNG>
Package pdftex.def Info: imagenes/8.PNG  used on input line 248.
(pdftex.def)             Requested size: 284.53131pt x 42.6814pt.
 (codigo/flecha.js
consecutive:
)
<imagenes/9.PNG, id=56, 305.64188pt x 54.2025pt>
File: imagenes/9.PNG Graphic file (type png)
<use imagenes/9.PNG>
Package pdftex.def Info: imagenes/9.PNG  used on input line 253.
(pdftex.def)             Requested size: 284.54247pt x 42.68138pt.
 [8

 <./imagenes/8.PNG> <./imagenes/9.PNG>]
Chapter 5.

Underfull \hbox (badness 10000) in paragraph at lines 257--259

 []

(codigo/callbacks2.js) (codigo/callbacks2.js
consecutive:
) [9

] (codigo/callbacks2.js
consecutive:
) (codigo/callbacks2.js
consecutive:
) [10]
<imagenes/10.PNG, id=68, 309.40594pt x 40.65187pt>
File: imagenes/10.PNG Graphic file (type png)
<use imagenes/10.PNG>
Package pdftex.def Info: imagenes/10.PNG  used on input line 288.
(pdftex.def)             Requested size: 284.55305pt x 42.6826pt.
 [11 <./imagenes/10.PNG>]
Chapter 6.
(codigo/callbacks2.js) (codigo/callbacks2.js
consecutive:
) [12

] (codigo/callbacks2.js
consecutive:
) (codigo/callbacks2.js)
<imagenes/11.PNG, id=77, 307.1475pt x 49.68562pt>
File: imagenes/11.PNG Graphic file (type png)
<use imagenes/11.PNG>
Package pdftex.def Info: imagenes/11.PNG  used on input line 326.
(pdftex.def)             Requested size: 284.54753pt x 42.68027pt.
 [13 <./imagenes/11.PNG>]
Chapter 7.
(codigo/async-await.js) (codigo/async-await.js
consecutive:
) [14

] (codigo/async-await.js
consecutive:
) (codigo/async-await.js
consecutive:
) (codigo/async-await.js
consecutive:
) [15]
<imagenes/12.PNG, id=88, 308.65312pt x 50.43843pt>
File: imagenes/12.PNG Graphic file (type png)
<use imagenes/12.PNG>
Package pdftex.def Info: imagenes/12.PNG  used on input line 370.
(pdftex.def)             Requested size: 284.54831pt x 42.67967pt.
 [16 <./imagenes/12.PNG>] ("c:\Users\Ricardo\Desktop\clases web\node\latex\build\informe_02.aux") ) 
Here is how much of TeX's memory you used:
 3513 strings out of 480932
 51136 string characters out of 2898969
 519741 words of memory out of 3000000
 19308 multiletter control sequences out of 15000+200000
 537418 words of font info for 41 fonts, out of 3000000 for 9000
 1141 hyphenation exceptions out of 8191
 39i,6n,69p,380b,1911s stack positions out of 5000i,500n,10000p,200000b,50000s
 <C:\Users\Ricardo\AppData\Local\MiKTeX\2.9\fonts/pk/ljfour/jknappen/ec/dpi600\tcbx1000.pk> <C:\Users\Ricardo\AppData\Local\MiKTeX\2.9\fonts/pk/ljfour/jknappen/ec/dpi600\tctt0800.pk><C:/Users/Ricardo/AppData/Local/Programs/MiKTeX 2.9/fonts/type1/public/amsfonts/cm/cmbsy10.pfb><C:/Users/Ricardo/AppData/Local/Programs/MiKTeX 2.9/fonts/type1/public/amsfonts/cm/cmbx10.pfb><C:/Users/Ricardo/AppData/Local/Programs/MiKTeX 2.9/fonts/type1/public/amsfonts/cm/cmbx12.pfb><C:/Users/Ricardo/AppData/Local/Programs/MiKTeX 2.9/fonts/type1/public/amsfonts/cm/cmcsc10.pfb><C:/Users/Ricardo/AppData/Local/Programs/MiKTeX 2.9/fonts/type1/public/amsfonts/cm/cmr10.pfb><C:/Users/Ricardo/AppData/Local/Programs/MiKTeX 2.9/fonts/type1/public/amsfonts/cm/cmr12.pfb><C:/Users/Ricardo/AppData/Local/Programs/MiKTeX 2.9/fonts/type1/public/amsfonts/cm/cmr8.pfb><C:/Users/Ricardo/AppData/Local/Programs/MiKTeX 2.9/fonts/type1/public/amsfonts/cm/cmti12.pfb><C:/Users/Ricardo/AppData/Local/Programs/MiKTeX 2.9/fonts/type1/public/amsfonts/cm/cmtt8.pfb>
Output written on "c:\Users\Ricardo\Desktop\clases web\node\latex\build\informe_02.pdf" (17 pages, 222792 bytes).
PDF statistics:
 132 PDF objects out of 1000 (max. 8388607)
 0 named destinations out of 1000 (max. 500000)
 66 words of extra memory for PDF output out of 10000 (max. 10000000)

