This is pdfTeX, Version 3.14159265-2.6-1.40.21 (MiKTeX 2.9.7380 64-bit) (preloaded format=pdflatex 2020.3.30)  30 APR 2020 21:35
entering extended mode
**"c:/Users/Ricardo/Desktop/clases web/clases-web/informes_latex/informe_03/BASES DE NODE.tex"
("c:/Users/Ricardo/Desktop/clases web/clases-web/informes_latex/informe_03/BASES DE NODE.tex"
LaTeX2e <2020-02-02> patch level 5
L3 programming layer <2020-03-06> ("C:\Users\Ricardo\AppData\Local\Programs\MiKTeX 2.9\tex/latex/base\report.cls"
Document Class: report 2019/12/20 v1.4l Standard LaTeX document class
("C:\Users\Ricardo\AppData\Local\Programs\MiKTeX 2.9\tex/latex/base\size10.clo"
File: size10.clo 2019/12/20 v1.4l Standard LaTeX file (size option)
)
\c@part=\count167
\c@chapter=\count168
\c@section=\count169
\c@subsection=\count170
\c@subsubsection=\count171
\c@paragraph=\count172
\c@subparagraph=\count173
\c@figure=\count174
\c@table=\count175
\abovecaptionskip=\skip47
\belowcaptionskip=\skip48
\bibindent=\dimen134
) ("C:\Users\Ricardo\AppData\Local\Programs\MiKTeX 2.9\tex/latex/hyperref\hyperref.sty"
Package: hyperref 2020/01/14 v7.00d Hypertext links for LaTeX
 ("C:\Users\Ricardo\AppData\Local\Programs\MiKTeX 2.9\tex/generic/ltxcmds\ltxcmds.sty"
Package: ltxcmds 2019/12/15 v1.24 LaTeX kernel commands for general use (HO)
) ("C:\Users\Ricardo\AppData\Local\Programs\MiKTeX 2.9\tex/generic/iftex\iftex.sty"
Package: iftex 2020/03/06 v1.0d TeX engine tests
) ("C:\Users\Ricardo\AppData\Local\Programs\MiKTeX 2.9\tex/latex/pdftexcmds\pdftexcmds.sty"
Package: pdftexcmds 2019/11/24 v0.31 Utility functions of pdfTeX for LuaTeX (HO)
 ("C:\Users\Ricardo\AppData\Local\Programs\MiKTeX 2.9\tex/generic/infwarerr\infwarerr.sty"
Package: infwarerr 2019/12/03 v1.5 Providing info/warning/error messages (HO)
)
Package pdftexcmds Info: \pdf@primitive is available.
Package pdftexcmds Info: \pdf@ifprimitive is available.
Package pdftexcmds Info: \pdfdraftmode found.
) ("C:\Users\Ricardo\AppData\Local\Programs\MiKTeX 2.9\tex/latex/graphics\keyval.sty"
Package: keyval 2014/10/28 v1.15 key=value parser (DPC)
\KV@toks@=\toks15
) ("C:\Users\Ricardo\AppData\Local\Programs\MiKTeX 2.9\tex/generic/kvsetkeys\kvsetkeys.sty"
Package: kvsetkeys 2019/12/15 v1.18 Key value parser (HO)
) ("C:\Users\Ricardo\AppData\Local\Programs\MiKTeX 2.9\tex/generic/kvdefinekeys\kvdefinekeys.sty"
Package: kvdefinekeys 2019-12-19 v1.6 Define keys (HO)
) ("C:\Users\Ricardo\AppData\Local\Programs\MiKTeX 2.9\tex/generic/pdfescape\pdfescape.sty"
Package: pdfescape 2019/12/09 v1.15 Implements pdfTeX's escape features (HO)
) ("C:\Users\Ricardo\AppData\Local\Programs\MiKTeX 2.9\tex/latex/hycolor\hycolor.sty"
Package: hycolor 2020-01-27 v1.10 Color options for hyperref/bookmark (HO)
) ("C:\Users\Ricardo\AppData\Local\Programs\MiKTeX 2.9\tex/latex/letltxmacro\letltxmacro.sty"
Package: letltxmacro 2019/12/03 v1.6 Let assignment for LaTeX macros (HO)
) ("C:\Users\Ricardo\AppData\Local\Programs\MiKTeX 2.9\tex/latex/auxhook\auxhook.sty"
Package: auxhook 2019-12-17 v1.6 Hooks for auxiliary files (HO)
) ("C:\Users\Ricardo\AppData\Local\Programs\MiKTeX 2.9\tex/latex/kvoptions\kvoptions.sty"
Package: kvoptions 2019/11/29 v3.13 Key value format for package options (HO)
)
\@linkdim=\dimen135
\Hy@linkcounter=\count176
\Hy@pagecounter=\count177
 ("C:\Users\Ricardo\AppData\Local\Programs\MiKTeX 2.9\tex/latex/hyperref\pd1enc.def"
File: pd1enc.def 2020/01/14 v7.00d Hyperref: PDFDocEncoding definition (HO)
Now handling font encoding PD1 ...
... no UTF-8 mapping file for font encoding PD1
) ("C:\Users\Ricardo\AppData\Local\Programs\MiKTeX 2.9\tex/generic/intcalc\intcalc.sty"
Package: intcalc 2019/12/15 v1.3 Expandable calculations with integers (HO)
) ("C:\Users\Ricardo\AppData\Local\Programs\MiKTeX 2.9\tex/generic/etexcmds\etexcmds.sty"
Package: etexcmds 2019/12/15 v1.7 Avoid name clashes with e-TeX commands (HO)
)
\Hy@SavedSpaceFactor=\count178
Package hyperref Info: Hyper figures OFF on input line 4547.
Package hyperref Info: Link nesting OFF on input line 4552.
Package hyperref Info: Hyper index ON on input line 4555.
Package hyperref Info: Plain pages OFF on input line 4562.
Package hyperref Info: Backreferencing OFF on input line 4567.
Package hyperref Info: Implicit mode ON; LaTeX internals redefined.
Package hyperref Info: Bookmarks ON on input line 4800.
\c@Hy@tempcnt=\count179
 ("C:\Users\Ricardo\AppData\Local\Programs\MiKTeX 2.9\tex/latex/url\url.sty"
\Urlmuskip=\muskip16
Package: url 2013/09/16  ver 3.4  Verb mode for urls, etc.
)
LaTeX Info: Redefining \url on input line 5159.
\XeTeXLinkMargin=\dimen136
 ("C:\Users\Ricardo\AppData\Local\Programs\MiKTeX 2.9\tex/generic/bitset\bitset.sty"
Package: bitset 2019/12/09 v1.3 Handle bit-vector datatype (HO)
 ("C:\Users\Ricardo\AppData\Local\Programs\MiKTeX 2.9\tex/generic/bigintcalc\bigintcalc.sty"
Package: bigintcalc 2019/12/15 v1.5 Expandable calculations on big integers (HO)
))
\Fld@menulength=\count180
\Field@Width=\dimen137
\Fld@charsize=\dimen138
Package hyperref Info: Hyper figures OFF on input line 6430.
Package hyperref Info: Link nesting OFF on input line 6435.
Package hyperref Info: Hyper index ON on input line 6438.
Package hyperref Info: backreferencing OFF on input line 6445.
Package hyperref Info: Link coloring OFF on input line 6450.
Package hyperref Info: Link coloring with OCG OFF on input line 6455.
Package hyperref Info: PDF/A mode OFF on input line 6460.
LaTeX Info: Redefining \ref on input line 6500.
LaTeX Info: Redefining \pageref on input line 6504.
 ("C:\Users\Ricardo\AppData\Local\Programs\MiKTeX 2.9\tex/generic/atbegshi\atbegshi.sty"
Package: atbegshi 2019/12/05 v1.19 At begin shipout hook (HO)
)
\Hy@abspage=\count181
\c@Item=\count182
\c@Hfootnote=\count183
)
Package hyperref Info: Driver (autodetected): hpdftex.
 ("C:\Users\Ricardo\AppData\Local\Programs\MiKTeX 2.9\tex/latex/hyperref\hpdftex.def"
File: hpdftex.def 2020/01/14 v7.00d Hyperref driver for pdfTeX
 ("C:\Users\Ricardo\AppData\Local\Programs\MiKTeX 2.9\tex/latex/atveryend\atveryend.sty"
Package: atveryend 2019-12-11 v1.11 Hooks at the very end of document (HO)
Package atveryend Info: \enddocument detected (standard20110627).
)
\Fld@listcount=\count184
\c@bookmark@seq@number=\count185
 ("C:\Users\Ricardo\AppData\Local\Programs\MiKTeX 2.9\tex/latex/rerunfilecheck\rerunfilecheck.sty"
Package: rerunfilecheck 2019/12/05 v1.9 Rerun checks for auxiliary files (HO)
 ("C:\Users\Ricardo\AppData\Local\Programs\MiKTeX 2.9\tex/generic/uniquecounter\uniquecounter.sty"
Package: uniquecounter 2019/12/15 v1.4 Provide unlimited unique counter (HO)
)
Package uniquecounter Info: New unique counter `rerunfilecheck' on input line 286.
)
\Hy@SectionHShift=\skip49
)
Package hyperref Info: Option `colorlinks' set `true' on input line 8.
 ("C:\Users\Ricardo\AppData\Local\Programs\MiKTeX 2.9\tex/latex/graphics\graphicx.sty"
Package: graphicx 2019/11/30 v1.2a Enhanced LaTeX Graphics (DPC,SPQR)
 ("C:\Users\Ricardo\AppData\Local\Programs\MiKTeX 2.9\tex/latex/graphics\graphics.sty"
Package: graphics 2019/11/30 v1.4a Standard LaTeX Graphics (DPC,SPQR)
 ("C:\Users\Ricardo\AppData\Local\Programs\MiKTeX 2.9\tex/latex/graphics\trig.sty"
Package: trig 2016/01/03 v1.10 sin cos tan (DPC)
) ("C:\Users\Ricardo\AppData\Local\Programs\MiKTeX 2.9\tex/latex/graphics-cfg\graphics.cfg"
File: graphics.cfg 2016/06/04 v1.11 sample graphics configuration
)
Package graphics Info: Driver file: pdftex.def on input line 105.
 ("C:\Users\Ricardo\AppData\Local\Programs\MiKTeX 2.9\tex/latex/graphics-def\pdftex.def"
File: pdftex.def 2018/01/08 v1.0l Graphics/color driver for pdftex
))
\Gin@req@height=\dimen139
\Gin@req@width=\dimen140
) ("C:\Users\Ricardo\AppData\Local\Programs\MiKTeX 2.9\tex/latex/base\inputenc.sty"
Package: inputenc 2018/08/11 v1.3c Input encoding file
\inpenc@prehook=\toks16
\inpenc@posthook=\toks17
) ("C:\Users\Ricardo\AppData\Local\Programs\MiKTeX 2.9\tex/latex/graphics\color.sty"
Package: color 2019/11/23 v1.2a Standard LaTeX Color (DPC)
 ("C:\Users\Ricardo\AppData\Local\Programs\MiKTeX 2.9\tex/latex/graphics-cfg\color.cfg"
File: color.cfg 2016/01/02 v1.6 sample color configuration
)
Package color Info: Driver file: pdftex.def on input line 147.
) ("C:\Users\Ricardo\AppData\Local\Programs\MiKTeX 2.9\tex/latex/upquote\upquote.sty"
Package: upquote 2012/04/19 v1.3 upright-quote and grave-accent glyphs in verbatim
) ("C:\Users\Ricardo\AppData\Local\Programs\MiKTeX 2.9\tex/latex/listings\listings.sty"
\lst@mode=\count186
\lst@gtempboxa=\box45
\lst@token=\toks18
\lst@length=\count187
\lst@currlwidth=\dimen141
\lst@column=\count188
\lst@pos=\count189
\lst@lostspace=\dimen142
\lst@width=\dimen143
\lst@newlines=\count190
\lst@lineno=\count191
\lst@maxwidth=\dimen144
 ("C:\Users\Ricardo\AppData\Local\Programs\MiKTeX 2.9\tex/latex/listings\lstmisc.sty"
File: lstmisc.sty 2020/03/24 1.8d (Carsten Heinz)
\c@lstnumber=\count192
\lst@skipnumbers=\count193
\lst@framebox=\box46
) ("C:\Users\Ricardo\AppData\Local\Programs\MiKTeX 2.9\tex/latex/listings\listings.cfg"
File: listings.cfg 2020/03/24 1.8d listings configuration
))
Package: listings 2020/03/24 1.8d (Carsten Heinz)
 ("C:\Users\Ricardo\AppData\Local\Programs\MiKTeX 2.9\tex/latex/l3backend\l3backend-pdfmode.def"
File: l3backend-pdfmode.def 2020-03-12 L3 backend support: PDF mode
\l__kernel_color_stack_int=\count194
\l__pdf_internal_box=\box47
) ("c:/Users\Ricardo\Desktop\clases web\clases-web\informes_latex\informe_03\build\BASES DE NODE.aux")
\openout1 = `"BASES DE NODE.aux"'.

LaTeX Font Info:    Checking defaults for OML/cmm/m/it on input line 163.
LaTeX Font Info:    ... okay on input line 163.
LaTeX Font Info:    Checking defaults for OMS/cmsy/m/n on input line 163.
LaTeX Font Info:    ... okay on input line 163.
LaTeX Font Info:    Checking defaults for OT1/cmr/m/n on input line 163.
LaTeX Font Info:    ... okay on input line 163.
LaTeX Font Info:    Checking defaults for T1/cmr/m/n on input line 163.
LaTeX Font Info:    ... okay on input line 163.
LaTeX Font Info:    Checking defaults for TS1/cmr/m/n on input line 163.
LaTeX Font Info:    ... okay on input line 163.
LaTeX Font Info:    Checking defaults for OMX/cmex/m/n on input line 163.
LaTeX Font Info:    ... okay on input line 163.
LaTeX Font Info:    Checking defaults for U/cmr/m/n on input line 163.
LaTeX Font Info:    ... okay on input line 163.
LaTeX Font Info:    Checking defaults for PD1/pdf/m/n on input line 163.
LaTeX Font Info:    ... okay on input line 163.
\AtBeginShipoutBox=\box48
Package hyperref Info: Link coloring ON on input line 163.
 ("C:\Users\Ricardo\AppData\Local\Programs\MiKTeX 2.9\tex/latex/hyperref\nameref.sty"
Package: nameref 2019/09/16 v2.46 Cross-referencing by name of section
 ("C:\Users\Ricardo\AppData\Local\Programs\MiKTeX 2.9\tex/latex/refcount\refcount.sty"
Package: refcount 2019/12/15 v3.6 Data extraction from label references (HO)
) ("C:\Users\Ricardo\AppData\Local\Programs\MiKTeX 2.9\tex/generic/gettitlestring\gettitlestring.sty"
Package: gettitlestring 2019/12/15 v1.6 Cleanup title references (HO)
)
\c@section@level=\count195
)
LaTeX Info: Redefining \ref on input line 163.
LaTeX Info: Redefining \pageref on input line 163.
LaTeX Info: Redefining \nameref on input line 163.
 ("c:/Users\Ricardo\Desktop\clases web\clases-web\informes_latex\informe_03\build\BASES DE NODE.out") ("c:/Users\Ricardo\Desktop\clases web\clases-web\informes_latex\informe_03\build\BASES DE NODE.out")
\@outlinefile=\write3
\openout3 = `"BASES DE NODE.out"'.

 ("C:\Users\Ricardo\AppData\Local\Programs\MiKTeX 2.9\tex/context/base/mkii\supp-pdf.mkii"
[Loading MPS to PDF converter (version 2006.09.02).]
\scratchcounter=\count196
\scratchdimen=\dimen145
\scratchbox=\box49
\nofMPsegments=\count197
\nofMParguments=\count198
\everyMPshowfont=\toks19
\MPscratchCnt=\count199
\MPscratchDim=\dimen146
\MPnumerator=\count266
\makeMPintoPDFobject=\count267
\everyMPtoPDFconversion=\toks20
) ("C:\Users\Ricardo\AppData\Local\Programs\MiKTeX 2.9\tex/latex/epstopdf-pkg\epstopdf-base.sty"
Package: epstopdf-base 2020-01-24 v2.11 Base part for package epstopdf
Package epstopdf-base Info: Redefining graphics rule for `.eps' on input line 485.
) ("C:\Users\Ricardo\AppData\Local\Programs\MiKTeX 2.9\tex/latex/base\textcomp.sty"
Package: textcomp 2020/02/02 v2.0n Standard LaTeX package
)
\c@lstlisting=\count268
<imagenes/ups1.png, id=3, 167.87718pt x 177.66376pt>
File: imagenes/ups1.png Graphic file (type png)
<use imagenes/ups1.png>
Package pdftex.def Info: imagenes/ups1.png  used on input line 172.
(pdftex.def)             Requested size: 142.26337pt x 142.26674pt.
 [1

{C:/Users/Ricardo/AppData/Local/MiKTeX/2.9/pdftex/config/pdftex.map} <./imagenes/ups1.png>]
<imagenes/1.png, id=15, 340.27126pt x 28.60687pt>
File: imagenes/1.png Graphic file (type png)
<use imagenes/1.png>
Package pdftex.def Info: imagenes/1.png  used on input line 190.
(pdftex.def)             Requested size: 426.81258pt x 28.45401pt.

Overfull \hbox (81.81258pt too wide) in paragraph at lines 190--191
 [] 
 []

<imagenes/2.png, id=16, 383.93437pt x 116.68594pt>
File: imagenes/2.png Graphic file (type png)
<use imagenes/2.png>
Package pdftex.def Info: imagenes/2.png  used on input line 194.
(pdftex.def)             Requested size: 426.8166pt x 142.28006pt.

Overfull \hbox (81.8166pt too wide) in paragraph at lines 194--195
 [] 
 []

("C:\Users\Ricardo\AppData\Local\Programs\MiKTeX 2.9\tex/latex/listings\lstlang1.sty"
File: lstlang1.sty 2020/03/24 1.8d listings language file
) ("C:\Users\Ricardo\AppData\Local\Programs\MiKTeX 2.9\tex/latex/listings\lstmisc.sty"
File: lstmisc.sty 2020/03/24 1.8d (Carsten Heinz)
)
Package hyperref Info: bookmark level for unknown lstlisting defaults to 0 on input line 197.
 (codigo/package.json)pdfTeX warning (ext4): destination with the same identifier (name{page.1}) has been already used, duplicate ignored
<to be read again> 
                   \relax 
l.200   \begin{center}
                       [1 <./imagenes/1.png> <./imagenes/2.png>]
<imagenes/3.png, id=39, 564.60938pt x 33.12375pt>
File: imagenes/3.png Graphic file (type png)
<use imagenes/3.png>
Package pdftex.def Info: imagenes/3.png  used on input line 201.
(pdftex.def)             Requested size: 426.79869pt x 28.453pt.

Overfull \hbox (81.79869pt too wide) in paragraph at lines 201--202
 [] 
 []

(codigo/package.json
consecutive:
)
<imagenes/4.png, id=40, 117.43875pt x 67.75313pt>
File: imagenes/4.png Graphic file (type png)
<use imagenes/4.png>
Package pdftex.def Info: imagenes/4.png  used on input line 207.
(pdftex.def)             Requested size: 142.26437pt x 85.3611pt.
<imagenes/6.png, id=41, 124.96687pt x 101.62968pt>
File: imagenes/6.png Graphic file (type png)
<use imagenes/6.png>
Package pdftex.def Info: imagenes/6.png  used on input line 216.
(pdftex.def)             Requested size: 142.27875pt x 99.58864pt.
 (codigo/conf/yars.js
LaTeX Font Info:    Font shape `OT1/cmtt/bx/n' in size <8> not available
(Font)              Font shape `OT1/cmtt/m/n' tried instead on input line 1.
 [2 <./imagenes/3.png> <./imagenes/4.png> <./imagenes/6.png>]
LaTeX Font Info:    Trying to load font information for TS1+cmtt on input line 3.
 ("C:\Users\Ricardo\AppData\Local\Programs\MiKTeX 2.9\tex/latex/base\ts1cmtt.fd"
File: ts1cmtt.fd 2019/12/16 v2.5j Standard LaTeX font definitions
)) (codigo/conf/yars.js
consecutive:
) [3] (codigo/conf/yars.js
consecutive:
) (codigo/controlador/task-for-do.js)
<imagenes/5.png, id=97, 117.43875pt x 137.01187pt>
File: imagenes/5.png Graphic file (type png)
<use imagenes/5.png>
Package pdftex.def Info: imagenes/5.png  used on input line 260.
(pdftex.def)             Requested size: 85.35861pt x 113.8139pt.

Overfull \hbox (8.48964pt too wide) in paragraph at lines 263--264
[]\OT1/cmr/m/n/10 Dentro de \OT1/cmr/bx/n/10 task-for-do.js \OT1/cmr/m/n/10 creare-mos los metodos \OT1/cmr/bx/n/10 load[]data() \OT1/cmr/m/n/10 (car-gar data.json)
 []

(codigo/controlador/task-for-do.js
consecutive:
) [4 <./imagenes/5.png>] (codigo/controlador/task-for-do.js
consecutive:
) (codigo/controlador/task-for-do.js
consecutive:
) (codigo/controlador/task-for-do.js
consecutive:
[5]) (codigo/controlador/task-for-do.js
consecutive:
) [6]
Underfull \hbox (badness 10000) in paragraph at lines 321--322

 []

(codigo/controlador/task-for-do.js
consecutive:
)
File: imagenes/5.png Graphic file (type png)
<use imagenes/5.png>
Package pdftex.def Info: imagenes/5.png  used on input line 327.
(pdftex.def)             Requested size: 85.35861pt x 113.8139pt.
 (codigo/app.js) (codigo/app.js
consecutive:
)
Overfull \hbox (15.86401pt too wide) in paragraph at lines 337--338
[]\OT1/cmr/m/n/10 Para el menu uti-lizare-mos un \OT1/cmr/bx/n/10 switch/-case \OT1/cmr/m/n/10 que nos per-mi-tira eje-cu-tar cualquiera
 []

(codigo/app.js
consecutive:
[7]) [8]
<imagenes/7.png, id=257, 486.31688pt x 191.21437pt>
File: imagenes/7.png Graphic file (type png)
<use imagenes/7.png>
Package pdftex.def Info: imagenes/7.png  used on input line 367.
(pdftex.def)             Requested size: 426.78772pt x 199.17918pt.

Overfull \hbox (106.78775pt too wide) in paragraph at lines 367--368
 [] 
 []

<imagenes/8.png, id=258, 484.81125pt x 90.3375pt>
File: imagenes/8.png Graphic file (type png)
<use imagenes/8.png>
Package pdftex.def Info: imagenes/8.png  used on input line 371.
(pdftex.def)             Requested size: 426.81276pt x 142.27815pt.

Overfull \hbox (106.81279pt too wide) in paragraph at lines 371--372
 [] 
 []

<imagenes/9.png, id=259, 490.83376pt x 142.28156pt>
File: imagenes/9.png Graphic file (type png)
<use imagenes/9.png>
Package pdftex.def Info: imagenes/9.png  used on input line 375.
(pdftex.def)             Requested size: 426.80472pt x 199.19064pt.

Overfull \hbox (106.80475pt too wide) in paragraph at lines 375--376
 [] 
 []

[9 <./imagenes/7.png> <./imagenes/8.png>]
<imagenes/10.png, id=270, 482.55281pt x 109.91063pt>
File: imagenes/10.png Graphic file (type png)
<use imagenes/10.png>
Package pdftex.def Info: imagenes/10.png  used on input line 379.
(pdftex.def)             Requested size: 426.80518pt x 199.17558pt.

Overfull \hbox (106.8052pt too wide) in paragraph at lines 379--380
 [] 
 []

LaTeX Font Info:    External font `cmex10' loaded for size
(Font)              <7> on input line 383.
LaTeX Font Info:    External font `cmex10' loaded for size
(Font)              <5> on input line 383.
Package atveryend Info: Empty hook `BeforeClearDocument' on input line 385.
[10 <./imagenes/9.png> <./imagenes/10.png>]
Package atveryend Info: Empty hook `AfterLastShipout' on input line 385.
 ("c:/Users\Ricardo\Desktop\clases web\clases-web\informes_latex\informe_03\build\BASES DE NODE.aux")
Package atveryend Info: Executing hook `AtVeryEndDocument' on input line 385.
Package atveryend Info: Executing hook `AtEndAfterFileList' on input line 385.
Package rerunfilecheck Info: File `"BASES DE NODE".out' has not changed.
(rerunfilecheck)             Checksum: D41D8CD98F00B204E9800998ECF8427E;0.
Package atveryend Info: Empty hook `AtVeryVeryEnd' on input line 385.
 ) 
Here is how much of TeX's memory you used:
 7647 strings out of 480932
 117983 string characters out of 2898969
 603604 words of memory out of 3000000
 23152 multiletter control sequences out of 15000+200000
 535779 words of font info for 36 fonts, out of 3000000 for 9000
 1141 hyphenation exceptions out of 8191
 39i,6n,69p,493b,2102s stack positions out of 5000i,500n,10000p,200000b,50000s
 <C:\Users\Ricardo\AppData\Local\MiKTeX\2.9\fonts/pk/ljfour/jknappen/ec/dpi600\tctt0800.pk><C:/Users/Ricardo/AppData/Local/Programs/MiKTeX 2.9/fonts/type1/public/amsfonts/cm/cmbx10.pfb><C:/Users/Ricardo/AppData/Local/Programs/MiKTeX 2.9/fonts/type1/public/amsfonts/cm/cmbx12.pfb><C:/Users/Ricardo/AppData/Local/Programs/MiKTeX 2.9/fonts/type1/public/amsfonts/cm/cmcsc10.pfb><C:/Users/Ricardo/AppData/Local/Programs/MiKTeX 2.9/fonts/type1/public/amsfonts/cm/cmr10.pfb><C:/Users/Ricardo/AppData/Local/Programs/MiKTeX 2.9/fonts/type1/public/amsfonts/cm/cmr12.pfb><C:/Users/Ricardo/AppData/Local/Programs/MiKTeX 2.9/fonts/type1/public/amsfonts/cm/cmr8.pfb><C:/Users/Ricardo/AppData/Local/Programs/MiKTeX 2.9/fonts/type1/public/amsfonts/cm/cmti12.pfb><C:/Users/Ricardo/AppData/Local/Programs/MiKTeX 2.9/fonts/type1/public/amsfonts/cm/cmtt10.pfb><C:/Users/Ricardo/AppData/Local/Programs/MiKTeX 2.9/fonts/type1/public/amsfonts/cm/cmtt8.pfb>
Output written on "c:/Users\Ricardo\Desktop\clases web\clases-web\informes_latex\informe_03\build\BASES DE NODE.pdf" (11 pages, 257977 bytes).
PDF statistics:
 359 PDF objects out of 1000 (max. 8388607)
 209 named destinations out of 1000 (max. 500000)
 56 words of extra memory for PDF output out of 10000 (max. 10000000)

